<?xml version="1.0" encoding="UTF-8"?>
<!-- Generated by org.testng.reporters.JUnitReportReporter -->
<testsuite skipped="0" hostname="DESKTOP-T7OBGOD" name="com.training.regression.tests.LoginExcelTest" tests="2" failures="0" timestamp="25 Mar 2019 10:04:51 GMT" time="16.634" errors="0">
  <testcase name="loginDBTest" time="10.421" classname="com.training.regression.tests.LoginExcelTest"/>
  <testcase name="loginDBTest" time="6.213" classname="com.training.regression.tests.LoginExcelTest"/>
</testsuite> <!-- com.training.regression.tests.LoginExcelTest -->
