<?xml version="1.0" encoding="UTF-8"?>
<!-- Generated by org.testng.reporters.JUnitReportReporter -->
<testsuite skipped="0" hostname="DESKTOP-T7OBGOD" name="com.training.sanity.tests.LoginTests" tests="1" failures="0" timestamp="07 Mar 2019 04:26:08 GMT" time="10.185" errors="0">
  <testcase name="validLoginTest" time="10.185" classname="com.training.sanity.tests.LoginTests"/>
</testsuite> <!-- com.training.sanity.tests.LoginTests -->
