<?xml version="1.0" encoding="UTF-8"?>
<!-- Generated by org.testng.reporters.JUnitReportReporter -->
<testsuite skipped="0" hostname="DESKTOP-T7OBGOD" name="com.training.sanity.tests.CYTC_037" tests="4" failures="0" timestamp="14 Mar 2019 18:12:37 GMT" time="38.366" errors="0">
  <testcase name="validLoginTestAdmin" time="1.444" classname="com.training.sanity.tests.CYTC_037"/>
  <testcase name="deleteAdvertisementTest" time="4.227" classname="com.training.sanity.tests.CYTC_037"/>
  <testcase name="validLoginTestMember" time="1.679" classname="com.training.sanity.tests.CYTC_037"/>
  <testcase name="viewdeletedAdvertisementTest" time="31.016" classname="com.training.sanity.tests.CYTC_037"/>
</testsuite> <!-- com.training.sanity.tests.CYTC_037 -->
