<?xml version="1.0" encoding="UTF-8"?>
<!-- Generated by org.testng.reporters.JUnitReportReporter -->
<testsuite skipped="0" hostname="DESKTOP-T7OBGOD" name="com.training.sanity.tests.CYTC_069" tests="4" failures="0" timestamp="28 Mar 2019 14:09:11 GMT" time="10.781" errors="0">
  <testcase name="validLoginTestAdmin" time="2.019" classname="com.training.sanity.tests.CYTC_069"/>
  <testcase name="createCategoryAdvTest" time="6.815" classname="com.training.sanity.tests.CYTC_069"/>
  <testcase name="validLoginTestMember" time="1.186" classname="com.training.sanity.tests.CYTC_069"/>
  <testcase name="viewAdvertisementTest" time="0.761" classname="com.training.sanity.tests.CYTC_069"/>
</testsuite> <!-- com.training.sanity.tests.CYTC_069 -->
