<?xml version="1.0" encoding="UTF-8"?>
<!-- Generated by org.testng.reporters.JUnitReportReporter -->
<testsuite skipped="0" hostname="DESKTOP-T7OBGOD" name="com.training.sanity.tests.LoginTests" tests="1" failures="0" timestamp="21 Mar 2019 13:37:39 GMT" time="7.904" errors="0">
  <testcase name="validLoginTest" time="7.904" classname="com.training.sanity.tests.LoginTests"/>
</testsuite> <!-- com.training.sanity.tests.LoginTests -->
