<?xml version="1.0" encoding="UTF-8"?>
<!-- Generated by org.testng.reporters.JUnitReportReporter -->
<testsuite skipped="0" hostname="DESKTOP-T7OBGOD" name="com.training.regression.tests.LoginDBTest" tests="2" failures="0" timestamp="27 Mar 2019 13:30:58 GMT" time="15.551" errors="0">
  <testcase name="loginDBTest" time="8.332" classname="com.training.regression.tests.LoginDBTest"/>
  <testcase name="loginDBTest" time="7.219" classname="com.training.regression.tests.LoginDBTest"/>
</testsuite> <!-- com.training.regression.tests.LoginDBTest -->
