<?xml version="1.0" encoding="UTF-8"?>
<!-- Generated by org.testng.reporters.JUnitReportReporter -->
<testsuite skipped="0" hostname="DESKTOP-T7OBGOD" name="com.training.sanity.tests.CYTC_009" tests="2" failures="0" timestamp="08 Mar 2019 09:11:32 GMT" time="2.779" errors="0">
  <testcase name="validLoginTest" time="1.085" classname="com.training.sanity.tests.CYTC_009"/>
  <testcase name="modifyProfileTest" time="1.694" classname="com.training.sanity.tests.CYTC_009"/>
</testsuite> <!-- com.training.sanity.tests.CYTC_009 -->
