<?xml version="1.0" encoding="UTF-8"?>
<!-- Generated by org.testng.reporters.JUnitReportReporter -->
<testsuite skipped="0" hostname="DESKTOP-T7OBGOD" name="com.training.sanity.tests.CYTC_008" tests="2" failures="0" timestamp="11 Mar 2019 12:02:07 GMT" time="1.538" errors="0">
  <testcase name="validLoginTest" time="0.981" classname="com.training.sanity.tests.CYTC_008"/>
  <testcase name="validLogoutTest" time="0.557" classname="com.training.sanity.tests.CYTC_008"/>
</testsuite> <!-- com.training.sanity.tests.CYTC_008 -->
