<?xml version="1.0" encoding="UTF-8"?>
<!-- Generated by org.testng.reporters.JUnitReportReporter -->
<testsuite skipped="0" hostname="DESKTOP-T7OBGOD" name="com.training.sanity.tests.CYTC_040" tests="4" failures="0" timestamp="19 Mar 2019 12:16:54 GMT" time="7.910" errors="0">
  <testcase name="validLoginTestAdmin" time="1.296" classname="com.training.sanity.tests.CYTC_040"/>
  <testcase name="sendMessageTest" time="4.484" classname="com.training.sanity.tests.CYTC_040"/>
  <testcase name="validLoginTestMember" time="1.171" classname="com.training.sanity.tests.CYTC_040"/>
  <testcase name="viewMessageTest" time="0.959" classname="com.training.sanity.tests.CYTC_040"/>
</testsuite> <!-- com.training.sanity.tests.CYTC_040 -->
