<?xml version="1.0" encoding="UTF-8"?>
<!-- Generated by org.testng.reporters.JUnitReportReporter -->
<testsuite skipped="0" hostname="DESKTOP-T7OBGOD" name="com.training.sanity.tests.CYTC_006" tests="2" failures="0" timestamp="07 Mar 2019 07:23:14 GMT" time="2.743" errors="0">
  <testcase name="validLoginTest" time="1.114" classname="com.training.sanity.tests.CYTC_006"/>
  <testcase name="changePasswordTest" time="1.629" classname="com.training.sanity.tests.CYTC_006"/>
</testsuite> <!-- com.training.sanity.tests.CYTC_006 -->
