<?xml version="1.0" encoding="UTF-8"?>
<!-- Generated by org.testng.reporters.JUnitReportReporter -->
<testsuite skipped="0" hostname="DESKTOP-T7OBGOD" name="com.training.sanity.tests.CYTC_070" tests="4" failures="0" timestamp="31 Mar 2019 08:39:18 GMT" time="18.052" errors="0">
  <testcase name="validLoginTestAdmin" time="1.597" classname="com.training.sanity.tests.CYTC_070"/>
  <testcase name="advertisementTest" time="5.573" classname="com.training.sanity.tests.CYTC_070"/>
  <testcase name="advertisementTest" time="5.444" classname="com.training.sanity.tests.CYTC_070"/>
  <testcase name="advertisementTest" time="5.438" classname="com.training.sanity.tests.CYTC_070"/>
</testsuite> <!-- com.training.sanity.tests.CYTC_070 -->
