<?xml version="1.0" encoding="UTF-8"?>
<!-- Generated by org.testng.reporters.JUnitReportReporter -->
<testsuite skipped="0" hostname="DESKTOP-T7OBGOD" name="com.training.sanity.tests.CYTC_067" tests="3" failures="0" timestamp="27 Mar 2019 14:17:15 GMT" time="9.986" errors="0">
  <testcase name="validLoginTestAdmin" time="1.131" classname="com.training.sanity.tests.CYTC_067"/>
  <testcase name="accessTest" time="4.607" classname="com.training.sanity.tests.CYTC_067"/>
  <testcase name="accessTest" time="4.248" classname="com.training.sanity.tests.CYTC_067"/>
</testsuite> <!-- com.training.sanity.tests.CYTC_067 -->
