<?xml version="1.0" encoding="UTF-8"?>
<!-- Generated by org.testng.reporters.JUnitReportReporter -->
<testsuite skipped="0" hostname="DESKTOP-T7OBGOD" name="com.training.sanity.tests.CYTC_007" tests="2" failures="0" timestamp="11 Mar 2019 11:28:05 GMT" time="3.403" errors="0">
  <testcase name="validLoginTest" time="1.392" classname="com.training.sanity.tests.CYTC_007"/>
  <testcase name="changePasswordTest" time="2.011" classname="com.training.sanity.tests.CYTC_007"/>
</testsuite> <!-- com.training.sanity.tests.CYTC_007 -->
