<?xml version="1.0" encoding="UTF-8"?>
<!-- Generated by org.testng.reporters.JUnitReportReporter -->
<testsuite skipped="0" hostname="DESKTOP-T7OBGOD" name="com.training.sanity.tests.CYTC_010" tests="2" failures="0" timestamp="08 Mar 2019 11:01:51 GMT" time="3.050" errors="0">
  <testcase name="validLoginTest" time="1.260" classname="com.training.sanity.tests.CYTC_010"/>
  <testcase name="changePasswordTest" time="1.790" classname="com.training.sanity.tests.CYTC_010"/>
</testsuite> <!-- com.training.sanity.tests.CYTC_010 -->
