<?xml version="1.0" encoding="UTF-8"?>
<!-- Generated by org.testng.reporters.JUnitReportReporter -->
<testsuite skipped="0" hostname="DESKTOP-T7OBGOD" name="com.training.sanity.tests.DeleteCourseTest_ELTC_21" tests="1" failures="0" timestamp="08 Mar 2019 10:36:50 GMT" time="14.618" errors="0">
  <testcase name="CourseDeletionTest" time="14.618" classname="com.training.sanity.tests.DeleteCourseTest_ELTC_21"/>
</testsuite> <!-- com.training.sanity.tests.DeleteCourseTest_ELTC_21 -->
