<?xml version="1.0" encoding="UTF-8"?>
<!-- Generated by org.testng.reporters.JUnitReportReporter -->
<testsuite skipped="0" hostname="DESKTOP-T7OBGOD" name="com.training.sanity.tests.CYTC_007" tests="2" failures="0" timestamp="07 Mar 2019 07:43:03 GMT" time="2.484" errors="0">
  <testcase name="validLoginTest" time="1.056" classname="com.training.sanity.tests.CYTC_007"/>
  <testcase name="changePasswordTest" time="1.428" classname="com.training.sanity.tests.CYTC_007"/>
</testsuite> <!-- com.training.sanity.tests.CYTC_007 -->
