<?xml version="1.0" encoding="UTF-8"?>
<!-- Generated by org.testng.reporters.JUnitReportReporter -->
<testsuite skipped="0" hostname="DESKTOP-T7OBGOD" name="com.training.sanity.tests.CYTC_036" tests="2" failures="0" timestamp="14 Mar 2019 15:12:27 GMT" time="8.711" errors="0">
  <testcase name="validLoginTest" time="2.026" classname="com.training.sanity.tests.CYTC_036"/>
  <testcase name="memberPaymentTest" time="6.685" classname="com.training.sanity.tests.CYTC_036"/>
</testsuite> <!-- com.training.sanity.tests.CYTC_036 -->
