<?xml version="1.0" encoding="UTF-8"?>
<!-- Generated by org.testng.reporters.JUnitReportReporter -->
<testsuite skipped="0" hostname="DESKTOP-T7OBGOD" name="com.training.sanity.tests.CYTC_008" tests="2" failures="0" timestamp="07 Mar 2019 08:06:12 GMT" time="1.658" errors="0">
  <testcase name="validLoginTest" time="1.097" classname="com.training.sanity.tests.CYTC_008"/>
  <testcase name="validLogoutTest" time="0.561" classname="com.training.sanity.tests.CYTC_008"/>
</testsuite> <!-- com.training.sanity.tests.CYTC_008 -->
