<?xml version="1.0" encoding="UTF-8"?>
<!-- Generated by org.testng.reporters.JUnitReportReporter -->
<testsuite skipped="0" hostname="DESKTOP-T7OBGOD" name="com.training.sanity.tests.NewTest" tests="5" failures="0" timestamp="15 Mar 2019 10:13:25 GMT" time="0.026" errors="0">
  <testcase name="M" time="0.008" classname="com.training.sanity.tests.NewTest"/>
  <testcase name="AB" time="0.002" classname="com.training.sanity.tests.NewTest"/>
  <testcase name="BA" time="0.010" classname="com.training.sanity.tests.NewTest"/>
  <testcase name="A" time="0.005" classname="com.training.sanity.tests.NewTest"/>
  <testcase name="B" time="0.001" classname="com.training.sanity.tests.NewTest"/>
</testsuite> <!-- com.training.sanity.tests.NewTest -->
