<?xml version="1.0" encoding="UTF-8"?>
<!-- Generated by org.testng.reporters.JUnitReportReporter -->
<testsuite skipped="0" hostname="DESKTOP-T7OBGOD" name="com.training.sanity.tests.CYTC_068" tests="4" failures="0" timestamp="28 Mar 2019 11:09:48 GMT" time="16.569" errors="0">
  <testcase name="validLoginTestAdmin" time="1.246" classname="com.training.sanity.tests.CYTC_068"/>
  <testcase name="advertisementTest" time="5.250" classname="com.training.sanity.tests.CYTC_068"/>
  <testcase name="advertisementTest" time="4.894" classname="com.training.sanity.tests.CYTC_068"/>
  <testcase name="advertisementTest" time="5.179" classname="com.training.sanity.tests.CYTC_068"/>
</testsuite> <!-- com.training.sanity.tests.CYTC_068 -->
