<?xml version="1.0" encoding="UTF-8"?>
<!-- Generated by org.testng.reporters.JUnitReportReporter -->
<testsuite skipped="0" hostname="DESKTOP-T7OBGOD" name="com.training.sanity.tests.CYTC_039" tests="3" failures="0" timestamp="18 Mar 2019 09:16:54 GMT" time="4.474" errors="0">
  <testcase name="validLoginTest" time="1.078" classname="com.training.sanity.tests.CYTC_039"/>
  <testcase name="repayLoanTest" time="2.598" classname="com.training.sanity.tests.CYTC_039"/>
  <testcase name="viewRepaidLoanTest" time="0.798" classname="com.training.sanity.tests.CYTC_039"/>
</testsuite> <!-- com.training.sanity.tests.CYTC_039 -->
