<?xml version="1.0" encoding="UTF-8"?>
<!-- Generated by org.testng.reporters.JUnitReportReporter -->
<testsuite skipped="0" hostname="DESKTOP-T7OBGOD" name="com.training.sanity.tests.CYTC_038" tests="4" failures="0" timestamp="15 Mar 2019 12:32:14 GMT" time="14.367" errors="0">
  <testcase name="validLoginTestAdmin" time="1.930" classname="com.training.sanity.tests.CYTC_038"/>
  <testcase name="grantLoanTest" time="8.175" classname="com.training.sanity.tests.CYTC_038"/>
  <testcase name="validLoginTestMember" time="2.940" classname="com.training.sanity.tests.CYTC_038"/>
  <testcase name="viewAddedLoanTest" time="1.322" classname="com.training.sanity.tests.CYTC_038"/>
</testsuite> <!-- com.training.sanity.tests.CYTC_038 -->
